<?xml version="1.0" encoding="UTF-8"?>
<!-- Generated by org.testng.reporters.JUnitReportReporter -->
<testsuite hostname="Shashi-1987" failures="0" tests="1" name="JIRA_API.LoginCreateIssue" time="2.191" errors="0" timestamp="29 Jan 2024 07:40:00 GMT" skipped="0">
  <testcase classname="JIRA_API.LoginCreateIssue" name="JIRA" time="2.191"/>
</testsuite> <!-- JIRA_API.LoginCreateIssue -->
