<?xml version="1.0" encoding="UTF-8"?>
<!-- Generated by org.testng.reporters.JUnitReportReporter -->
<testsuite hostname="Shashi-1987" failures="0" tests="1" name="AllWorks.AddUpdateGet" time="3.371" errors="0" timestamp="29 Jan 2024 06:19:49 GMT" skipped="0">
  <testcase classname="AllWorks.AddUpdateGet" name="AddUpdateGet" time="3.371"/>
</testsuite> <!-- AllWorks.AddUpdateGet -->
