<?xml version="1.0" encoding="UTF-8"?>
<!-- Generated by org.testng.reporters.JUnitReportReporter -->
<testsuite hostname="Shashi-1987" failures="0" tests="2" name="AllWorks.DeleteBook" time="2.237" errors="0" timestamp="28 Jan 2024 10:29:15 GMT" skipped="0">
  <testcase classname="AllWorks.DeleteBook" name="DeletePostedBook" time="0.199"/>
  <testcase classname="AllWorks.DeleteBook" name="Add" time="2.038"/>
</testsuite> <!-- AllWorks.DeleteBook -->
