<?xml version="1.0" encoding="UTF-8"?>
<!-- Generated by org.testng.reporters.JUnitReportReporter -->
<testsuite hostname="Shashi-1987" failures="0" tests="1" name="AllWorks.RequestAndResponseSpecBuilder" time="2.968" errors="0" timestamp="30 Jan 2024 14:03:30 GMT" skipped="0">
  <testcase classname="AllWorks.RequestAndResponseSpecBuilder" name="RSpecification" time="2.968"/>
</testsuite> <!-- AllWorks.RequestAndResponseSpecBuilder -->
