<?xml version="1.0" encoding="UTF-8"?>
<!-- Generated by org.testng.reporters.JUnitReportReporter -->
<testsuite hostname="Shashi-1987" failures="0" tests="1" name="JIRA_API.LoginCreateIssueAddComment" time="2.444" errors="0" timestamp="29 Jan 2024 11:22:43 GMT" skipped="0">
  <testcase classname="JIRA_API.LoginCreateIssueAddComment" name="JIRA" time="2.444"/>
</testsuite> <!-- JIRA_API.LoginCreateIssueAddComment -->
