<?xml version="1.0" encoding="UTF-8"?>
<!-- Generated by org.testng.reporters.JUnitReportReporter -->
<testsuite hostname="Shashi-1987" failures="0" tests="1" name="APITest.Demo" time="0.017" errors="0" timestamp="28 Jan 2024 08:26:34 GMT" skipped="0">
  <testcase classname="APITest.Demo" name="manava" time="0.017"/>
</testsuite> <!-- APITest.Demo -->
