<?xml version="1.0" encoding="UTF-8"?>
<!-- Generated by org.testng.reporters.JUnitReportReporter -->
<testsuite hostname="Shashi-1987" failures="0" tests="5" name="AllWorks.LibraryAPIBook" time="2.226" errors="0" timestamp="28 Jan 2024 09:31:55 GMT" skipped="3">
  <testcase classname="AllWorks.LibraryAPIBook" name="Add" time="2.036"/>
  <testcase classname="AllWorks.LibraryAPIBook" name="DeleteBook" time="0.190"/>
  <testcase classname="AllWorks.LibraryAPIBook" name="AddBookWithDataProvider">
    <skipped/>
  </testcase> <!-- AddBookWithDataProvider -->
  <testcase classname="AllWorks.LibraryAPIBook" name="AddBookArgs">
    <skipped/>
  </testcase> <!-- AddBookArgs -->
  <testcase classname="AllWorks.LibraryAPIBook" name="AddBookWithNoArgs">
    <skipped/>
  </testcase> <!-- AddBookWithNoArgs -->
</testsuite> <!-- AllWorks.LibraryAPIBook -->
