<?xml version="1.0" encoding="UTF-8"?>
<!-- Generated by org.testng.reporters.JUnitReportReporter -->
<testsuite hostname="Shashi-1987" failures="0" tests="1" name="AllWorks.AddBookWithFile" time="1.929" errors="0" timestamp="28 Jan 2024 10:32:09 GMT" skipped="0">
  <testcase classname="AllWorks.AddBookWithFile" name="Add" time="1.929"/>
</testsuite> <!-- AllWorks.AddBookWithFile -->
