<?xml version="1.0" encoding="UTF-8"?>
<!-- Generated by org.testng.reporters.JUnitReportReporter -->
<testsuite hostname="Shashi-1987" failures="0" tests="1" name="Pojo.oAuth_TestCase" time="1.945" errors="0" timestamp="30 Jan 2024 06:57:14 GMT" skipped="0">
  <testcase classname="Pojo.oAuth_TestCase" name="oAuthTestCase" time="1.945"/>
</testsuite> <!-- Pojo.oAuth_TestCase -->
