<?xml version="1.0" encoding="UTF-8"?>
<!-- Generated by org.testng.reporters.JUnitReportReporter -->
<testsuite hostname="Shashi-1987" failures="0" tests="1" name="desirialization_Pojo.TestCases.LogAllInTextFile" time="5.506" errors="0" timestamp="31 Jan 2024 10:48:59 GMT" skipped="0">
  <testcase classname="desirialization_Pojo.TestCases.LogAllInTextFile" name="oAuthTestCase" time="5.506"/>
</testsuite> <!-- desirialization_Pojo.TestCases.LogAllInTextFile -->
