<?xml version="1.0" encoding="UTF-8"?>
<!-- Generated by org.testng.reporters.JUnitReportReporter -->
<testsuite hostname="Shashi-1987" failures="0" tests="1" name="sesirialization_Pojo.TestCase_Serialization" time="1.816" errors="0" timestamp="30 Jan 2024 12:01:51 GMT" skipped="0">
  <testcase classname="sesirialization_Pojo.TestCase_Serialization" name="Serialization" time="1.816"/>
</testsuite> <!-- sesirialization_Pojo.TestCase_Serialization -->
