<?xml version="1.0" encoding="UTF-8"?>
<!-- Generated by org.testng.reporters.JUnitReportReporter -->
<testsuite hostname="Shashi-1987" failures="0" tests="1" name="desirialization_Pojo.TestCases.oAuth_TestCase" time="2.459" errors="0" timestamp="30 Jan 2024 11:35:19 GMT" skipped="0">
  <testcase classname="desirialization_Pojo.TestCases.oAuth_TestCase" name="oAuthTestCase" time="2.459"/>
</testsuite> <!-- desirialization_Pojo.TestCases.oAuth_TestCase -->
