<?xml version="1.0" encoding="UTF-8"?>
<!-- Generated by org.testng.reporters.JUnitReportReporter -->
<testsuite hostname="Shashi-1987" failures="0" tests="1" name="Pojo.GetterAndSetter.oAuth_TestCase" time="2.540" errors="0" timestamp="30 Jan 2024 11:11:27 GMT" skipped="0">
  <testcase classname="Pojo.GetterAndSetter.oAuth_TestCase" name="oAuthTestCase" time="2.540"/>
</testsuite> <!-- Pojo.GetterAndSetter.oAuth_TestCase -->
